<?xml version="1.0" encoding="UTF-8"?>
<!-- Generated by org.testng.reporters.JUnitReportReporter -->
<testsuite hostname="Ridhu-96" failures="0" tests="2" name="Test.CartTest" time="81.414" errors="0" timestamp="2023-08-11T12:07:25 IST" skipped="0">
  <testcase classname="Test.CartTest" name="test1" time="38.122"/>
  <system-out/>
  <testcase classname="Test.CartTest" name="test2" time="43.292"/>
  <system-out/>
</testsuite> <!-- Test.CartTest -->
