<?xml version="1.0" encoding="UTF-8"?>
<!-- Generated by org.testng.reporters.JUnitReportReporter -->
<testsuite hostname="Ridhu-96" failures="0" tests="4" name="Test.LogoutTest" time="138.616" errors="0" timestamp="2023-08-11T12:19:03 IST" skipped="0">
  <testcase classname="Test.LogoutTest" name="test1" time="33.926"/>
  <system-out/>
  <testcase classname="Test.LogoutTest" name="test2" time="44.250"/>
  <system-out/>
  <testcase classname="Test.LogoutTest" name="test3" time="13.200"/>
  <system-out/>
  <testcase classname="Test.LogoutTest" name="test4" time="47.240"/>
  <system-out/>
</testsuite> <!-- Test.LogoutTest -->
