<?xml version="1.0" encoding="UTF-8"?>
<!-- Generated by org.testng.reporters.JUnitReportReporter -->
<testsuite hostname="Ridhu-96" failures="0" tests="1" name="Test.LoginTest" time="33.813" errors="0" timestamp="2023-08-11T11:58:09 IST" skipped="0">
  <testcase classname="Test.LoginTest" name="man" time="33.813"/>
  <system-out/>
</testsuite> <!-- Test.LoginTest -->
